make all --print-data-base --no-builtin-variables --no-builtin-rules --question
# GNU Make 3.81
# Copyright (C) 2006  Free Software Foundation, Inc.
# This is free software; see the source for copying conditions.
# There is NO warranty; not even for MERCHANTABILITY or FITNESS FOR A
# PARTICULAR PURPOSE.

# This program built for i386-apple-darwin11.3.0
 
make: *** No rule to make target `all'.  Stop.


# Make data base, printed on Tue Jun 21 17:18:22 2022

# Variables

# automatic
<D = $(patsubst %/,%,$(dir $<))
# automatic
?F = $(notdir $?)
# environment
VSCODE_LOG_NATIVE = false
# environment
NVM_INC = /Users/brijeshlakkad/.nvm/versions/node/v16.10.0/include/node
# automatic
?D = $(patsubst %/,%,$(dir $?))
# automatic
@D = $(patsubst %/,%,$(dir $@))
# automatic
@F = $(notdir $@)
# makefile
CURDIR := /Users/brijeshlakkad/go/src/github.com/Brijeshlakkad/distributedlogging
# makefile
SHELL = /bin/sh
# environment
VSCODE_NLS_CONFIG = {"locale":"en-us","availableLanguages":{},"_languagePackSupport":true}
# environment
_ = /usr/bin/make
# makefile (from `Makefile', line 1)
MAKEFILE_LIST :=  Makefile
# environment
VSCODE_AMD_ENTRYPOINT = vs/workbench/api/node/extensionHostProcess
# environment
VSCODE_VERBOSE_LOGGING = true
# environment
__CFBundleIdentifier = com.microsoft.VSCode
# environment
INFOPATH = /opt/homebrew/share/info:/opt/homebrew/share/info:
# environment
VSCODE_IPC_HOOK_EXTHOST = /var/folders/l9/pkrn89011n744pxf41ndfjrr0000gn/T/vscode-ipc-8635b48c-aa20-4ab4-b3a1-fd1136221a38.sock
# environment
VSCODE_CWD = /
# environment
GOPROXY = https://proxy.golang.org,direct
# environment
PATH = /opt/anaconda3/bin:/opt/jdk/sapmachine-jdk-18.0.1.jdk/Contents/Home/bin:/opt/homebrew/bin:/opt/homebrew/sbin:/Users/brijeshlakkad/.nvm/versions/node/v16.10.0/bin:/opt/homebrew/bin:/opt/homebrew/sbin:/usr/local/bin:/usr/bin:/bin:/usr/sbin:/sbin:/usr/local/go/bin:/Library/Apple/usr/bin:/Users/brijeshlakkad/go/bin:/Users/brijeshlakkad/confluent
# environment
GOPATH = /Users/brijeshlakkad/go
# environment
NVM_BIN = /Users/brijeshlakkad/.nvm/versions/node/v16.10.0/bin
# makefile (from `Makefile', line 1)
CONFIG_PATH = ${HOME}/.distributed-logging/
# environment
VSCODE_LOG_STACK = false
# environment
ELECTRON_RUN_AS_NODE = 1
# environment
CONFLUENT_HOME = /Users/brijeshlakkad/confluent
# default
.FEATURES := target-specific order-only second-expansion else-if archives jobserver check-symlink
# makefile (from `Makefile', line 63)
TAG = 0.0.1
# environment
SSH_AUTH_SOCK = /private/tmp/com.apple.launchd.x7VDO9j4wU/Listeners
# automatic
%F = $(notdir $%)
# environment
VSCODE_PIPE_LOGGING = true
# environment
PWD = /Users/brijeshlakkad/go/src/github.com/Brijeshlakkad/distributedlogging
# environment
HOMEBREW_CELLAR = /opt/homebrew/Cellar
# environment
ORIGINAL_XDG_CURRENT_DESKTOP = undefined
# environment
MANPATH = /opt/homebrew/share/man:/Users/brijeshlakkad/.nvm/versions/node/v16.10.0/share/man:/opt/homebrew/share/man:::
# environment
GOMODCACHE = /Users/brijeshlakkad/go/pkg/mod
# environment
HOME = /Users/brijeshlakkad
# environment
CONFLUENT_CURRENT = /Users/brijeshlakkad/confluent_current
# default
MAKEFILEPATH = $(shell /usr/bin/xcode-select -print-path 2>/dev/null || echo /Developer)/Makefiles
# environment
VSCODE_CODE_CACHE_PATH = /Users/brijeshlakkad/Library/Application Support/Code/CachedData/30d9c6cd9483b2cc586687151bcbcd635f373630
# environment
LOGNAME = brijeshlakkad
# environment
APPLICATION_INSIGHTS_NO_DIAGNOSTIC_CHANNEL = 1
# environment
NVM_CD_FLAGS = -q
# environment
VSCODE_HANDLES_UNCAUGHT_ERRORS = true
# automatic
^D = $(patsubst %/,%,$(dir $^))
# environment
XPC_FLAGS = 0x0
# default
MAKE = $(MAKE_COMMAND)
# default
MAKECMDGOALS := all
# environment
SHLVL = 1
# default
MAKE_VERSION := 3.81
# environment
USER = brijeshlakkad
# makefile
.DEFAULT_GOAL := init
# automatic
%D = $(patsubst %/,%,$(dir $%))
# default
MAKE_COMMAND := /Library/Developer/CommandLineTools/usr/bin/make
# default
.VARIABLES := 
# environment
TMPDIR = /var/folders/l9/pkrn89011n744pxf41ndfjrr0000gn/T/
# automatic
*F = $(notdir $*)
# environment
VSCODE_IPC_HOOK = /Users/brijeshlakkad/Library/Application Support/Code/1.68.1-main.sock
# makefile
MAKEFLAGS = Rrqp
# environment
MFLAGS = -Rrqp
# automatic
*D = $(patsubst %/,%,$(dir $*))
# environment
NVM_DIR = /Users/brijeshlakkad/.nvm
# environment
XPC_SERVICE_NAME = application.com.microsoft.VSCode.78782433.78782439
# environment
HOMEBREW_PREFIX = /opt/homebrew
# automatic
+D = $(patsubst %/,%,$(dir $+))
# automatic
+F = $(notdir $+)
# environment
HOMEBREW_REPOSITORY = /opt/homebrew
# environment
__CF_USER_TEXT_ENCODING = 0x1F5:0x0:0x52
# environment
COMMAND_MODE = unix2003
# default
MAKEFILES := 
# automatic
<F = $(notdir $<)
# environment
LC_ALL = C
# environment
JAVA_11_HOME = /Library/Java/JavaVirtualMachines/adoptopenjdk-11.jdk/Contents/Home
# automatic
^F = $(notdir $^)
# default
SUFFIXES := 
# default
.INCLUDE_DIRS = /usr/local/include
# environment
MAKELEVEL := 0
# environment
LANG = C
# environment
JAVA_8_HOME = /Library/Java/JavaVirtualMachines/adoptopenjdk-8.jdk/Contents/Home
# environment
VSCODE_PID = 3235
# variable set hash-table stats:
# Load=80/1024=8%, Rehash=0, Collisions=3/113=3%

# Pattern-specific Variable Values

# No pattern-specific variable values.

# Directories

# . (device 16777233, inode 76201946): 19 files, no impossibilities.

# 19 files, no impossibilities in 1 directories.

# Implicit Rules

# No implicit rules.

# Files

# Not a target:
all:
#  Command-line target.
#  Implicit rule search has been done.
#  File does not exist.
#  File has not been updated.
# variable set hash-table stats:
# Load=0/32=0%, Rehash=0, Collisions=0/0=0%

.PHONY: init gencert test compile
#  Implicit rule search has not been done.
#  Modification time never checked.
#  File has not been updated.

# Not a target:
.SUFFIXES:
#  Implicit rule search has not been done.
#  Modification time never checked.
#  File has not been updated.

# Not a target:
Makefile:
#  Implicit rule search has been done.
#  Last modified 2022-06-20 21:34:40
#  File has been updated.
#  Successfully updated.
# variable set hash-table stats:
# Load=0/32=0%, Rehash=0, Collisions=0/0=0%

test: /Users/brijeshlakkad/.distributed-logging//policy.csv /Users/brijeshlakkad/.distributed-logging//model.conf
#  Phony target (prerequisite of .PHONY).
#  Implicit rule search has not been done.
#  File does not exist.
#  File has not been updated.
#  commands to execute (from `Makefile', line 52):
	go test -race ./...
	

/Users/brijeshlakkad/.distributed-logging//policy.csv:
#  Implicit rule search has not been done.
#  Modification time never checked.
#  File has not been updated.
#  commands to execute (from `Makefile', line 48):
	cp test/policy.csv $(CONFIG_PATH)/policy.csv
	

gencert:
#  Phony target (prerequisite of .PHONY).
#  Implicit rule search has not been done.
#  File does not exist.
#  File has not been updated.
#  commands to execute (from `Makefile', line 9):
	cfssl gencert \
	-initca test/ca-csr.json | cfssljson -bare ca
	cfssl gencert \
	-ca=ca.pem \
	-ca-key=ca-key.pem \
	-config=test/ca-config.json \
	-profile=server \
	test/server-csr.json | cfssljson -bare server
	cfssl gencert \
	-ca=ca.pem \
	-ca-key=ca-key.pem \
	-config=test/ca-config.json \
	-profile=client \
	test/client-csr.json | cfssljson -bare client
	cfssl gencert \
	-ca=ca.pem \
	-ca-key=ca-key.pem \
	-config=test/ca-config.json \
	-profile=client \
	-cn="root" \
	test/client-csr.json | cfssljson -bare root-client
	cfssl gencert \
	-ca=ca.pem \
	-ca-key=ca-key.pem \
	-config=test/ca-config.json \
	-profile=client \
	-cn="nobody" \
	test/client-csr.json | cfssljson -bare nobody-client
	mv *.pem *.csr ${CONFIG_PATH}
	

compile:
#  Phony target (prerequisite of .PHONY).
#  Implicit rule search has not been done.
#  File does not exist.
#  File has not been updated.
#  commands to execute (from `Makefile', line 56):
	protoc api/v1/*.proto \
	--go_out=. \
	--go-grpc_out=. \
	--go_opt=paths=source_relative \
	--go-grpc_opt=paths=source_relative \
	--proto_path=.
	

# Not a target:
.DEFAULT:
#  Implicit rule search has not been done.
#  Modification time never checked.
#  File has not been updated.

build-docker:
#  Implicit rule search has not been done.
#  Modification time never checked.
#  File has not been updated.
#  commands to execute (from `Makefile', line 66):
	docker build -t brijeshlakkad/distributedlogging:$(TAG) .
	

init:
#  Phony target (prerequisite of .PHONY).
#  Implicit rule search has not been done.
#  File does not exist.
#  File has not been updated.
 
#  commands to execute (from `Makefile', line 5):
	mkdir -p ${CONFIG_PATH}
	

/Users/brijeshlakkad/.distributed-logging//model.conf:
#  Implicit rule search has not been done.
#  Modification time never checked.
#  File has not been updated.
#  commands to execute (from `Makefile', line 45):
	cp test/model.conf $(CONFIG_PATH)/model.conf
	

# files hash-table stats:
# Load=12/1024=1%, Rehash=0, Collisions=0/33=0%
# VPATH Search Paths

# No `vpath' search paths.

# No general (`VPATH' variable) search path.

# # of strings in strcache: 1
# # of strcache buffers: 1
# strcache size: total = 4096 / max = 4096 / min = 4096 / avg = 4096
# strcache free: total = 4087 / max = 4087 / min = 4087 / avg = 4087

# Finished Make data base on Tue Jun 21 17:18:22 2022

 
